app/build/outputs/logs/manifest-merger-debug-report.txt
-- Merging decision tree log ---
manifest
ADDED from src\main\AndroidManifest.xml:2:1-385:12
	package
		ADDED from src\main\AndroidManifest.xml:3:5-49
		INJECTED from src\main\AndroidManifest.xml
		INJECTED from src\main\AndroidManifest.xml
	android:versionName
		ADDED from src\main\AndroidManifest.xml:6:5-32
		INJECTED from src\main\AndroidManifest.xml
		INJECTED from src\main\AndroidManifest.xml
	android:versionCode
		ADDED from src\main\AndroidManifest.xml:5:5-30
		INJECTED from src\main\AndroidManifest.xml
		INJECTED from src\main\AndroidManifest.xml
	xmlns:android
		ADDED from src\main\AndroidManifest.xml:2:11-69
	android:installLocation
		ADDED from src\main\AndroidManifest.xml:4:5-35
uses-sdk
ADDED from src\main\AndroidManifest.xml:8:5-10:41
MERGED from [3Plus_NewUI:wheel:unspecified] AndroidManifest.xml:7:5-9:40
MERGED from [3Plus_NewUI:pullToRefreshlibrary:unspecified] AndroidManifest.xml:7:5-9:40
MERGED from [com.android.support:support-v13:22.2.0] AndroidManifest.xml:20:5-44
MERGED from [com.android.support:support-v4:22.2.1] AndroidManifest.xml:20:5-43
MERGED from [com.android.support:appcompat-v7:22.2.1] AndroidManifest.xml:20:5-43
MERGED from [com.bugtags.library:bugtags-lib:2.3.0] AndroidManifest.xml:7:5-9:41
MERGED from [com.pandadata:adsdk:1.0.4] AndroidManifest.xml:7:5-9:41
MERGED from [com.tencent.bugly:crashreport:2.6.0] AndroidManifest.xml:5:5-7:41
MERGED from [com.android.support:multidex:1.0.1] AndroidManifest.xml:18:5-42
	android:targetSdkVersion
		ADDED from src\main\AndroidManifest.xml:10:9-38
		INJECTED from src\main\AndroidManifest.xml
		INJECTED from src\main\AndroidManifest.xml
	android:minSdkVersion
		ADDED from src\main\AndroidManifest.xml:9:9-35
		INJECTED from src\main\AndroidManifest.xml
		INJECTED from src\main\AndroidManifest.xml
supports-screens
ADDED from src\main\AndroidManifest.xml:13:5-18:40
	android:largeScreens
		ADDED from src\main\AndroidManifest.xml:15:9-36
	android:smallScreens
		ADDED from src\main\AndroidManifest.xml:17:9-36
	android:normalScreens
		ADDED from src\main\AndroidManifest.xml:16:9-37
	android:xlargeScreens
		ADDED from src\main\AndroidManifest.xml:18:9-37
	android:anyDensity
		ADDED from src\main\AndroidManifest.xml:14:9-34
uses-permission#android.permission.READ_EXTERNAL_STORAGE
ADDED from src\main\AndroidManifest.xml:21:5-80
MERGED from [com.bugtags.library:bugtags-lib:2.3.0] AndroidManifest.xml:24:5-80
	android:name
		ADDED from src\main\AndroidManifest.xml:21:22-77
uses-permission#android.permission.WRITE_EXTERNAL_STORAGE
ADDED from src\main\AndroidManifest.xml:22:5-81
MERGED from [com.bugtags.library:bugtags-lib:2.3.0] AndroidManifest.xml:23:5-81
MERGED from [com.pandadata:adsdk:1.0.4] AndroidManifest.xml:12:5-81
	android:name
		ADDED from src\main\AndroidManifest.xml:22:22-78
uses-permission#android.permission.MOUNT_UNMOUNT_FILESYSTEMS
ADDED from src\main\AndroidManifest.xml:23:5-84
MERGED from [com.pandadata:adsdk:1.0.4] AndroidManifest.xml:13:5-84
	android:name
		ADDED from src\main\AndroidManifest.xml:23:22-81
uses-permission#android.permission.CAMERA
ADDED from src\main\AndroidManifest.xml:25:5-65
	android:name
		ADDED from src\main\AndroidManifest.xml:25:22-62
uses-permission#android.permission.REORDER_TASKS
ADDED from src\main\AndroidManifest.xml:27:5-72
	android:name
		ADDED from src\main\AndroidManifest.xml:27:22-69
uses-permission#android.permission.VIBRATE
ADDED from src\main\AndroidManifest.xml:28:5-66
	android:name
		ADDED from src\main\AndroidManifest.xml:28:22-63
uses-permission#android.permission.INTERACT_ACROSS_USERS_FULL
ADDED from src\main\AndroidManifest.xml:29:5-85
	android:name
		ADDED from src\main\AndroidManifest.xml:29:22-82
uses-permission#android.permission.BLUETOOTH_ADMIN
ADDED from src\main\AndroidManifest.xml:31:5-74
	android:name
		ADDED from src\main\AndroidManifest.xml:31:22-71
uses-permission#android.permission.BLUETOOTH
ADDED from src\main\AndroidManifest.xml:32:5-68
	android:name
		ADDED from src\main\AndroidManifest.xml:32:22-65
uses-permission#android.permission.WAKE_LOCK
ADDED from src\main\AndroidManifest.xml:35:5-68
	android:name
		ADDED from src\main\AndroidManifest.xml:35:22-65
uses-permission#android.permission.DEVICE_POWER
ADDED from src\main\AndroidManifest.xml:36:5-71
	android:name
		ADDED from src\main\AndroidManifest.xml:36:22-68
uses-permission#android.permission.SYSTEM_OVERLAY_WINDOW
ADDED from src\main\AndroidManifest.xml:38:5-80
	android:name
		ADDED from src\main\AndroidManifest.xml:38:22-77
uses-permission#android.permission.SYSTEM_ALERT_WINDOW
ADDED from src\main\AndroidManifest.xml:39:5-78
MERGED from [com.bugtags.library:bugtags-lib:2.3.0] AndroidManifest.xml:26:5-78
	android:name
		ADDED from src\main\AndroidManifest.xml:39:22-75
uses-permission#android.permission.ACCESS_NETWORK_STATE
ADDED from src\main\AndroidManifest.xml:41:5-79
MERGED from [com.bugtags.library:bugtags-lib:2.3.0] AndroidManifest.xml:22:5-79
MERGED from [com.pandadata:adsdk:1.0.4] AndroidManifest.xml:14:5-79
	android:name
		ADDED from src\main\AndroidManifest.xml:41:22-76
uses-permission#android.permission.INTERNET
ADDED from src\main\AndroidManifest.xml:42:5-67
MERGED from [com.bugtags.library:bugtags-lib:2.3.0] AndroidManifest.xml:20:5-67
MERGED from [com.pandadata:adsdk:1.0.4] AndroidManifest.xml:11:5-67
	android:name
		ADDED from src\main\AndroidManifest.xml:42:22-64
uses-permission#android.permission.READ_SMS
ADDED from src\main\AndroidManifest.xml:45:5-67
	android:name
		ADDED from src\main\AndroidManifest.xml:45:22-64
uses-permission#android.permission.WRITE_SMS
ADDED from src\main\AndroidManifest.xml:46:5-68
	android:name
		ADDED from src\main\AndroidManifest.xml:46:22-65
uses-permission#android.permission.WRITE_CONTACTS
ADDED from src\main\AndroidManifest.xml:47:5-73
	android:name
		ADDED from src\main\AndroidManifest.xml:47:22-70
uses-feature#android.hardware.telephony
ADDED from src\main\AndroidManifest.xml:49:5-51:36
	android:required
		ADDED from src\main\AndroidManifest.xml:51:9-33
	android:name
		ADDED from src\main\AndroidManifest.xml:50:9-50
uses-permission#android.permission.READ_PHONE_STATE
ADDED from src\main\AndroidManifest.xml:54:5-75
MERGED from [com.pandadata:adsdk:1.0.4] AndroidManifest.xml:15:5-75
	android:name
		ADDED from src\main\AndroidManifest.xml:54:22-72
uses-permission#android.permission.READ_CALL_LOG
ADDED from src\main\AndroidManifest.xml:55:5-72
	android:name
		ADDED from src\main\AndroidManifest.xml:55:22-69
uses-permission#android.permission.READ_CONTACTS
ADDED from src\main\AndroidManifest.xml:56:5-72
	android:name
		ADDED from src\main\AndroidManifest.xml:56:22-69
uses-permission#android.permission.GET_TASKS
ADDED from src\main\AndroidManifest.xml:58:5-68
	android:name
		ADDED from src\main\AndroidManifest.xml:58:22-65
uses-permission#android.permission.MANAGE_ACCOUNTS
ADDED from src\main\AndroidManifest.xml:59:5-74
	android:name
		ADDED from src\main\AndroidManifest.xml:59:22-71
uses-permission#android.permission.GET_ACCOUNTS
ADDED from src\main\AndroidManifest.xml:60:5-71
	android:name
		ADDED from src\main\AndroidManifest.xml:60:22-68
application
ADDED from src\main\AndroidManifest.xml:62:5-383:19
MERGED from [3Plus_NewUI:pullToRefreshlibrary:unspecified] AndroidManifest.xml:11:5-20
MERGED from [com.android.support:support-v13:22.2.0] AndroidManifest.xml:22:5-20
MERGED from [com.android.support:support-v4:22.2.1] AndroidManifest.xml:22:5-20
MERGED from [com.android.support:appcompat-v7:22.2.1] AndroidManifest.xml:22:5-20
MERGED from [com.bugtags.library:bugtags-lib:2.3.0] AndroidManifest.xml:28:5-41:19
MERGED from [com.pandadata:adsdk:1.0.4] AndroidManifest.xml:20:5-25:19
	android:label
		ADDED from src\main\AndroidManifest.xml:66:9-41
	android:allowBackup
		ADDED from src\main\AndroidManifest.xml:64:9-35
	android:icon
		ADDED from src\main\AndroidManifest.xml:65:9-45
	android:theme
		ADDED from src\main\AndroidManifest.xml:67:9-62
	android:name
		ADDED from src\main\AndroidManifest.xml:63:9-67
activity#cn.appscomm.pedometer.activity.SplashActivity
ADDED from src\main\AndroidManifest.xml:68:9-77:20
	android:screenOrientation
		ADDED from src\main\AndroidManifest.xml:70:13-49
	android:theme
		ADDED from src\main\AndroidManifest.xml:71:13-72
	android:name
		ADDED from src\main\AndroidManifest.xml:69:13-73
intent-filter#android.intent.action.MAIN+android.intent.category.LAUNCHER
ADDED from src\main\AndroidManifest.xml:72:13-76:29
action#android.intent.action.MAIN
ADDED from src\main\AndroidManifest.xml:73:17-69
	android:name
		ADDED from src\main\AndroidManifest.xml:73:25-66
category#android.intent.category.LAUNCHER
ADDED from src\main\AndroidManifest.xml:75:17-77
	android:name
		ADDED from src\main\AndroidManifest.xml:75:27-74
activity#cn.appscomm.pedometer.activity.WelcomeActivity
ADDED from src\main\AndroidManifest.xml:78:9-81:80
	android:screenOrientation
		ADDED from src\main\AndroidManifest.xml:80:13-49
	android:theme
		ADDED from src\main\AndroidManifest.xml:81:13-77
	android:name
		ADDED from src\main\AndroidManifest.xml:79:13-74
activity#cn.appscomm.pedometer.activity.MainActivity
ADDED from src\main\AndroidManifest.xml:85:9-87:52
	android:screenOrientation
		ADDED from src\main\AndroidManifest.xml:87:13-49
	android:name
		ADDED from src\main\AndroidManifest.xml:86:13-71
activity#cn.appscomm.pedometer.activity.BaseSettingActivity
ADDED from src\main\AndroidManifest.xml:88:9-91:52
	android:screenOrientation
		ADDED from src\main\AndroidManifest.xml:91:13-49
	android:configChanges
		ADDED from src\main\AndroidManifest.xml:90:13-83
	android:name
		ADDED from src\main\AndroidManifest.xml:89:13-78
activity#cn.appscomm.pedometer.activity.RemindsActivity1
ADDED from src\main\AndroidManifest.xml:92:9-95:52
	android:screenOrientation
		ADDED from src\main\AndroidManifest.xml:95:13-49
	android:configChanges
		ADDED from src\main\AndroidManifest.xml:94:13-83
	android:name
		ADDED from src\main\AndroidManifest.xml:93:13-75
activity#cn.appscomm.pedometer.activity.AlertActivity
ADDED from src\main\AndroidManifest.xml:96:9-99:52
	android:screenOrientation
		ADDED from src\main\AndroidManifest.xml:99:13-49
	android:configChanges
		ADDED from src\main\AndroidManifest.xml:98:13-83
	android:name
		ADDED from src\main\AndroidManifest.xml:97:13-72
activity#cn.appscomm.pedometer.activity.RemindNewActivity
ADDED from src\main\AndroidManifest.xml:100:9-103:52
	android:screenOrientation
		ADDED from src\main\AndroidManifest.xml:103:13-49
	android:configChanges
		ADDED from src\main\AndroidManifest.xml:102:13-83
	android:name
		ADDED from src\main\AndroidManifest.xml:101:13-76
activity#cn.appscomm.pedometer.activity.UnitsActivity
ADDED from src\main\AndroidManifest.xml:104:9-107:52
	android:screenOrientation
		ADDED from src\main\AndroidManifest.xml:107:13-49
	android:configChanges
		ADDED from src\main\AndroidManifest.xml:106:13-83
	android:name
		ADDED from src\main\AndroidManifest.xml:105:13-72
activity#cn.appscomm.pedometer.activity.RemindsNewActivity
ADDED from src\main\AndroidManifest.xml:108:9-111:52
	android:screenOrientation
		ADDED from src\main\AndroidManifest.xml:111:13-49
	android:configChanges
		ADDED from src\main\AndroidManifest.xml:110:13-83
	android:name
		ADDED from src\main\AndroidManifest.xml:109:13-77
activity#cn.appscomm.pedometer.activity.ReSetDeviceActivity
ADDED from src\main\AndroidManifest.xml:112:9-115:52
	android:screenOrientation
		ADDED from src\main\AndroidManifest.xml:115:13-49
	android:configChanges
		ADDED from src\main\AndroidManifest.xml:114:13-83
	android:name
		ADDED from src\main\AndroidManifest.xml:113:13-78
activity#cn.appscomm.pedometer.activity.VibrationActivity
ADDED from src\main\AndroidManifest.xml:116:9-119:52
	android:screenOrientation
		ADDED from src\main\AndroidManifest.xml:119:13-49
	android:configChanges
		ADDED from src\main\AndroidManifest.xml:118:13-83
	android:name
		ADDED from src\main\AndroidManifest.xml:117:13-76
activity#cn.appscomm.pedometer.activity.RegActivity
ADDED from src\main\AndroidManifest.xml:120:9-125:67
	android:screenOrientation
		ADDED from src\main\AndroidManifest.xml:124:13-49
	android:launchMode
		ADDED from src\main\AndroidManifest.xml:123:13-44
	android:windowSoftInputMode
		ADDED from src\main\AndroidManifest.xml:125:13-64
	android:configChanges
		ADDED from src\main\AndroidManifest.xml:122:13-83
	android:name
		ADDED from src\main\AndroidManifest.xml:121:13-70
activity#cn.appscomm.pedometer.activity.LoginActivity
ADDED from src\main\AndroidManifest.xml:126:9-130:52
	android:screenOrientation
		ADDED from src\main\AndroidManifest.xml:130:13-49
	android:launchMode
		ADDED from src\main\AndroidManifest.xml:129:13-44
	android:configChanges
		ADDED from src\main\AndroidManifest.xml:128:13-83
	android:name
		ADDED from src\main\AndroidManifest.xml:127:13-72
activity#cn.appscomm.pedometer.activity.ForgotPwdActivity
ADDED from src\main\AndroidManifest.xml:131:9-135:52
	android:screenOrientation
		ADDED from src\main\AndroidManifest.xml:135:13-49
	android:launchMode
		ADDED from src\main\AndroidManifest.xml:134:13-44
	android:configChanges
		ADDED from src\main\AndroidManifest.xml:133:13-83
	android:name
		ADDED from src\main\AndroidManifest.xml:132:13-76
activity#cn.appscomm.pedometer.activity.ShowWebActivity
ADDED from src\main\AndroidManifest.xml:136:9-140:52
	android:screenOrientation
		ADDED from src\main\AndroidManifest.xml:140:13-49
	android:launchMode
		ADDED from src\main\AndroidManifest.xml:139:13-44
	android:configChanges
		ADDED from src\main\AndroidManifest.xml:138:13-83
	android:name
		ADDED from src\main\AndroidManifest.xml:137:13-74
activity#cn.appscomm.pedometer.activity.AdvancedActivity
ADDED from src\main\AndroidManifest.xml:141:9-144:52
	android:screenOrientation
		ADDED from src\main\AndroidManifest.xml:144:13-49
	android:configChanges
		ADDED from src\main\AndroidManifest.xml:143:13-83
	android:name
		ADDED from src\main\AndroidManifest.xml:142:13-75
activity#cn.appscomm.pedometer.activity.CountryActivity
ADDED from src\main\AndroidManifest.xml:145:9-148:52
	android:screenOrientation
		ADDED from src\main\AndroidManifest.xml:148:13-49
	android:configChanges
		ADDED from src\main\AndroidManifest.xml:147:13-83
	android:name
		ADDED from src\main\AndroidManifest.xml:146:13-74
activity#cn.appscomm.pedometer.activity.DetailDataViewActivity
ADDED from src\main\AndroidManifest.xml:149:9-151:52
	android:screenOrientation
		ADDED from src\main\AndroidManifest.xml:151:13-49
	android:name
		ADDED from src\main\AndroidManifest.xml:150:13-81
activity#cn.appscomm.pedometer.activity.StartSleepActivity
ADDED from src\main\AndroidManifest.xml:152:9-154:52
	android:screenOrientation
		ADDED from src\main\AndroidManifest.xml:154:13-49
	android:name
		ADDED from src\main\AndroidManifest.xml:153:13-77
activity#cn.appscomm.pedometer.activity.RemindActivity
ADDED from src\main\AndroidManifest.xml:155:9-157:52
	android:screenOrientation
		ADDED from src\main\AndroidManifest.xml:157:13-49
	android:name
		ADDED from src\main\AndroidManifest.xml:156:13-73
activity#cn.appscomm.pedometer.activity.GoalsActivity
ADDED from src\main\AndroidManifest.xml:158:9-160:52
	android:screenOrientation
		ADDED from src\main\AndroidManifest.xml:160:13-49
	android:name
		ADDED from src\main\AndroidManifest.xml:159:13-72
activity#cn.appscomm.pedometer.activity.GoalsL38iActivity
ADDED from src\main\AndroidManifest.xml:161:9-163:52
	android:screenOrientation
		ADDED from src\main\AndroidManifest.xml:163:13-49
	android:name
		ADDED from src\main\AndroidManifest.xml:162:13-76
activity#cn.appscomm.pedometer.activity.SynDataActivity2
ADDED from src\main\AndroidManifest.xml:164:9-167:59
	android:screenOrientation
		ADDED from src\main\AndroidManifest.xml:166:13-49
	android:theme
		ADDED from src\main\AndroidManifest.xml:167:13-56
	android:name
		ADDED from src\main\AndroidManifest.xml:165:13-75
activity#cn.appscomm.pedometer.activity.SynBaseInfoActivity
ADDED from src\main\AndroidManifest.xml:168:9-171:59
	android:screenOrientation
		ADDED from src\main\AndroidManifest.xml:170:13-49
	android:theme
		ADDED from src\main\AndroidManifest.xml:171:13-56
	android:name
		ADDED from src\main\AndroidManifest.xml:169:13-78
activity#cn.appscomm.pedometer.activity.DfuUpdateFirmware
ADDED from src\main\AndroidManifest.xml:172:9-174:52
	android:screenOrientation
		ADDED from src\main\AndroidManifest.xml:174:13-49
	android:name
		ADDED from src\main\AndroidManifest.xml:173:13-76
activity#cn.appscomm.pedometer.activity.SetUpDeviceActivity
ADDED from src\main\AndroidManifest.xml:175:9-177:52
	android:screenOrientation
		ADDED from src\main\AndroidManifest.xml:177:13-49
	android:name
		ADDED from src\main\AndroidManifest.xml:176:13-78
activity#cn.appscomm.pedometer.activity.SetUpDeviceActivity1
ADDED from src\main\AndroidManifest.xml:180:9-182:52
	android:screenOrientation
		ADDED from src\main\AndroidManifest.xml:182:13-49
	android:name
		ADDED from src\main\AndroidManifest.xml:181:13-79
activity#cn.appscomm.pedometer.activity.SetUpDeviceL38iActivity
ADDED from src\main\AndroidManifest.xml:185:9-187:52
	android:screenOrientation
		ADDED from src\main\AndroidManifest.xml:187:13-49
	android:name
		ADDED from src\main\AndroidManifest.xml:186:13-82
activity#cn.appscomm.pedometer.activity.TurnOnBluetoothActivity
ADDED from src\main\AndroidManifest.xml:190:9-192:52
	android:screenOrientation
		ADDED from src\main\AndroidManifest.xml:192:13-49
	android:name
		ADDED from src\main\AndroidManifest.xml:191:13-82
activity#cn.appscomm.pedometer.activity.TurnOnZefit
ADDED from src\main\AndroidManifest.xml:195:9-197:52
	android:screenOrientation
		ADDED from src\main\AndroidManifest.xml:197:13-49
	android:name
		ADDED from src\main\AndroidManifest.xml:196:13-70
activity#cn.appscomm.pedometer.activity.DeviceSearchingActivity
ADDED from src\main\AndroidManifest.xml:200:9-202:52
	android:screenOrientation
		ADDED from src\main\AndroidManifest.xml:202:13-49
	android:name
		ADDED from src\main\AndroidManifest.xml:201:13-82
activity#cn.appscomm.pedometer.activity.AboutAppActivity
ADDED from src\main\AndroidManifest.xml:205:9-208:59
	android:screenOrientation
		ADDED from src\main\AndroidManifest.xml:207:13-49
	android:theme
		ADDED from src\main\AndroidManifest.xml:208:13-56
	android:name
		ADDED from src\main\AndroidManifest.xml:206:13-75
activity#cn.appscomm.pedometer.activity.UpdateFirmware
ADDED from src\main\AndroidManifest.xml:209:9-211:52
	android:screenOrientation
		ADDED from src\main\AndroidManifest.xml:211:13-49
	android:name
		ADDED from src\main\AndroidManifest.xml:210:13-73
activity#cn.appscomm.pedometer.activity.ShareDialogActivity
ADDED from src\main\AndroidManifest.xml:212:9-214:55
	android:theme
		ADDED from src\main\AndroidManifest.xml:214:13-52
	android:name
		ADDED from src\main\AndroidManifest.xml:213:13-78
activity#cn.appscomm.pedometer.activity.NotificationActivity
ADDED from src\main\AndroidManifest.xml:215:9-217:52
	android:screenOrientation
		ADDED from src\main\AndroidManifest.xml:217:13-49
	android:name
		ADDED from src\main\AndroidManifest.xml:216:13-79
activity#cn.appscomm.pedometer.activity.NotificationL38iActivity
ADDED from src\main\AndroidManifest.xml:218:9-220:52
	android:screenOrientation
		ADDED from src\main\AndroidManifest.xml:220:13-49
	android:name
		ADDED from src\main\AndroidManifest.xml:219:13-83
service#cn.appscomm.pedometer.service.BluetoothLeService
ADDED from src\main\AndroidManifest.xml:222:9-224:38
	android:enabled
		ADDED from src\main\AndroidManifest.xml:224:13-35
	android:name
		ADDED from src\main\AndroidManifest.xml:223:13-76
service#cn.appscomm.pedometer.service.BluetoothLeL38IService
ADDED from src\main\AndroidManifest.xml:225:9-227:38
	android:enabled
		ADDED from src\main\AndroidManifest.xml:227:13-35
	android:name
		ADDED from src\main\AndroidManifest.xml:226:13-80
service#cn.appscomm.pedometer.service.UploadDataService
ADDED from src\main\AndroidManifest.xml:228:9-230:38
	android:enabled
		ADDED from src\main\AndroidManifest.xml:230:13-35
	android:name
		ADDED from src\main\AndroidManifest.xml:229:13-75
service#cn.appscomm.pedometer.service.DownloadSportDataService
ADDED from src\main\AndroidManifest.xml:231:9-233:38
	android:enabled
		ADDED from src\main\AndroidManifest.xml:233:13-35
	android:name
		ADDED from src\main\AndroidManifest.xml:232:13-82
service#cn.appscomm.pedometer.service.DownloadSleepDataService
ADDED from src\main\AndroidManifest.xml:234:9-236:38
	android:enabled
		ADDED from src\main\AndroidManifest.xml:236:13-35
	android:name
		ADDED from src\main\AndroidManifest.xml:235:13-82
service#cn.appscomm.pedometer.service.MyPushMsgService
ADDED from src\main\AndroidManifest.xml:237:9-239:38
	android:enabled
		ADDED from src\main\AndroidManifest.xml:239:13-35
	android:name
		ADDED from src\main\AndroidManifest.xml:238:13-74
service#cn.appscomm.pedometer.service.MyPushMsgL38iService
ADDED from src\main\AndroidManifest.xml:240:9-242:38
	android:enabled
		ADDED from src\main\AndroidManifest.xml:242:13-35
	android:name
		ADDED from src\main\AndroidManifest.xml:241:13-78
service#cn.appscomm.pedometer.service.SynBlueToothDataService
ADDED from src\main\AndroidManifest.xml:243:9-245:38
	android:enabled
		ADDED from src\main\AndroidManifest.xml:245:13-35
	android:name
		ADDED from src\main\AndroidManifest.xml:244:13-81
service#cn.appscomm.pedometer.service.DFUUpdateService
ADDED from src\main\AndroidManifest.xml:246:9-248:38
	android:enabled
		ADDED from src\main\AndroidManifest.xml:248:13-35
	android:name
		ADDED from src\main\AndroidManifest.xml:247:13-74
service#cn.appscomm.pedometer.service.SynBlueToothDataL38iService
ADDED from src\main\AndroidManifest.xml:249:9-251:38
	android:enabled
		ADDED from src\main\AndroidManifest.xml:251:13-35
	android:name
		ADDED from src\main\AndroidManifest.xml:250:13-85
service#cn.appscomm.pedometer.service.MyNotification
ADDED from src\main\AndroidManifest.xml:252:9-259:19
	android:label
		ADDED from src\main\AndroidManifest.xml:254:13-45
	android:permission
		ADDED from src\main\AndroidManifest.xml:255:13-87
	android:name
		ADDED from src\main\AndroidManifest.xml:253:13-72
intent-filter#android.service.notification.NotificationListenerService
ADDED from src\main\AndroidManifest.xml:256:13-258:29
action#android.service.notification.NotificationListenerService
ADDED from src\main\AndroidManifest.xml:257:17-99
	android:name
		ADDED from src\main\AndroidManifest.xml:257:25-96
uses-library#android.test.runner
ADDED from src\main\AndroidManifest.xml:282:9-60
	android:name
		ADDED from src\main\AndroidManifest.xml:282:23-57
activity#no.nordicsemi.android.nrftoolbox.dfu.DfuActivity
ADDED from src\main\AndroidManifest.xml:286:9-290:52
	android:screenOrientation
		ADDED from src\main\AndroidManifest.xml:290:13-49
	android:label
		ADDED from src\main\AndroidManifest.xml:289:13-54
	android:icon
		ADDED from src\main\AndroidManifest.xml:288:13-52
	android:name
		ADDED from src\main\AndroidManifest.xml:287:13-76
activity#no.nordicsemi.android.nrftoolbox.dfu.settings.SettingsActivity
ADDED from src\main\AndroidManifest.xml:291:9-294:52
	android:screenOrientation
		ADDED from src\main\AndroidManifest.xml:294:13-49
	android:label
		ADDED from src\main\AndroidManifest.xml:293:13-55
	android:name
		ADDED from src\main\AndroidManifest.xml:292:13-90
activity#no.nordicsemi.android.nrftoolbox.dfu.NotificationActivity
ADDED from src\main\AndroidManifest.xml:295:9-298:52
	android:screenOrientation
		ADDED from src\main\AndroidManifest.xml:298:13-49
	android:label
		ADDED from src\main\AndroidManifest.xml:297:13-54
	android:name
		ADDED from src\main\AndroidManifest.xml:296:13-85
service#no.nordicsemi.android.nrftoolbox.dfu.DfuService
ADDED from src\main\AndroidManifest.xml:300:9-309:19
	android:label
		ADDED from src\main\AndroidManifest.xml:303:13-54
	android:exported
		ADDED from src\main\AndroidManifest.xml:302:13-36
	android:name
		ADDED from src\main\AndroidManifest.xml:301:13-75
intent-filter#android.intent.category.DEFAULT+no.nordicsemi.android.action.DFU_UPLOAD
ADDED from src\main\AndroidManifest.xml:304:13-308:29
action#no.nordicsemi.android.action.DFU_UPLOAD
ADDED from src\main\AndroidManifest.xml:305:17-82
	android:name
		ADDED from src\main\AndroidManifest.xml:305:25-79
category#android.intent.category.DEFAULT
ADDED from src\main\AndroidManifest.xml:307:17-76
	android:name
		ADDED from src\main\AndroidManifest.xml:307:27-73
service#cn.appscomm.pedometer.service.LoginService
ADDED from src\main\AndroidManifest.xml:310:9-313:39
	android:enabled
		ADDED from src\main\AndroidManifest.xml:312:13-35
	android:exported
		ADDED from src\main\AndroidManifest.xml:313:13-36
	android:name
		ADDED from src\main\AndroidManifest.xml:311:13-70
activity#cn.appscomm.pedometer.activity.SelectDeviceActivity
ADDED from src\main\AndroidManifest.xml:315:9-318:52
	android:screenOrientation
		ADDED from src\main\AndroidManifest.xml:318:13-49
	android:label
		ADDED from src\main\AndroidManifest.xml:317:13-65
	android:name
		ADDED from src\main\AndroidManifest.xml:316:13-79
activity#cn.appscomm.pedometer.activity.FriendsActivity
ADDED from src\main\AndroidManifest.xml:319:9-322:52
	android:screenOrientation
		ADDED from src\main\AndroidManifest.xml:322:13-49
	android:label
		ADDED from src\main\AndroidManifest.xml:321:13-59
	android:name
		ADDED from src\main\AndroidManifest.xml:320:13-74
activity#cn.appscomm.pedometer.activity.ProfileActivity
ADDED from src\main\AndroidManifest.xml:323:9-326:52
	android:screenOrientation
		ADDED from src\main\AndroidManifest.xml:326:13-49
	android:label
		ADDED from src\main\AndroidManifest.xml:325:13-59
	android:name
		ADDED from src\main\AndroidManifest.xml:324:13-74
activity#cn.appscomm.pedometer.activity.ProfileActivity1
ADDED from src\main\AndroidManifest.xml:327:9-330:52
	android:screenOrientation
		ADDED from src\main\AndroidManifest.xml:330:13-49
	android:label
		ADDED from src\main\AndroidManifest.xml:329:13-59
	android:name
		ADDED from src\main\AndroidManifest.xml:328:13-75
activity#cn.appscomm.pedometer.activity.FindFriendsActivity
ADDED from src\main\AndroidManifest.xml:331:9-334:52
	android:screenOrientation
		ADDED from src\main\AndroidManifest.xml:334:13-49
	android:label
		ADDED from src\main\AndroidManifest.xml:333:13-64
	android:name
		ADDED from src\main\AndroidManifest.xml:332:13-78
activity#cn.appscomm.pedometer.activity.AdvancedNewActivity
ADDED from src\main\AndroidManifest.xml:335:9-338:52
	android:screenOrientation
		ADDED from src\main\AndroidManifest.xml:338:13-49
	android:label
		ADDED from src\main\AndroidManifest.xml:337:13-64
	android:name
		ADDED from src\main\AndroidManifest.xml:336:13-78
activity#cn.appscomm.pedometer.activity.HeartRateActivity
ADDED from src\main\AndroidManifest.xml:339:9-342:52
	android:screenOrientation
		ADDED from src\main\AndroidManifest.xml:342:13-49
	android:label
		ADDED from src\main\AndroidManifest.xml:341:13-62
	android:name
		ADDED from src\main\AndroidManifest.xml:340:13-76
activity#cn.appscomm.pedometer.activity.DvancedSettingsActivity
ADDED from src\main\AndroidManifest.xml:343:9-346:52
	android:screenOrientation
		ADDED from src\main\AndroidManifest.xml:346:13-49
	android:label
		ADDED from src\main\AndroidManifest.xml:345:13-68
	android:name
		ADDED from src\main\AndroidManifest.xml:344:13-82
activity#cn.appscomm.pedometer.activity.PresetSleepActivity
ADDED from src\main\AndroidManifest.xml:347:9-350:52
	android:screenOrientation
		ADDED from src\main\AndroidManifest.xml:350:13-49
	android:label
		ADDED from src\main\AndroidManifest.xml:349:13-64
	android:name
		ADDED from src\main\AndroidManifest.xml:348:13-78
activity#cn.appscomm.pedometer.activity.TimeFormatAcitivity
ADDED from src\main\AndroidManifest.xml:351:9-354:52
	android:screenOrientation
		ADDED from src\main\AndroidManifest.xml:354:13-49
	android:label
		ADDED from src\main\AndroidManifest.xml:353:13-73
	android:name
		ADDED from src\main\AndroidManifest.xml:352:13-78
activity#cn.appscomm.pedometer.activity.ResetActivity
ADDED from src\main\AndroidManifest.xml:355:9-358:52
	android:screenOrientation
		ADDED from src\main\AndroidManifest.xml:358:13-49
	android:label
		ADDED from src\main\AndroidManifest.xml:357:13-57
	android:name
		ADDED from src\main\AndroidManifest.xml:356:13-72
activity#cn.appscomm.pedometer.activity.HeartDataViewActivity
ADDED from src\main\AndroidManifest.xml:359:9-362:52
	android:screenOrientation
		ADDED from src\main\AndroidManifest.xml:362:13-49
	android:label
		ADDED from src\main\AndroidManifest.xml:361:13-67
	android:name
		ADDED from src\main\AndroidManifest.xml:360:13-80
activity#cn.appscomm.pedometer.activity.WachFaceActivity
ADDED from src\main\AndroidManifest.xml:363:9-366:52
	android:screenOrientation
		ADDED from src\main\AndroidManifest.xml:366:13-49
	android:label
		ADDED from src\main\AndroidManifest.xml:365:13-61
	android:name
		ADDED from src\main\AndroidManifest.xml:364:13-75
activity#cn.appscomm.pedometer.activity.CameraActivity
ADDED from src\main\AndroidManifest.xml:367:9-370:52
	android:screenOrientation
		ADDED from src\main\AndroidManifest.xml:370:13-49
	android:label
		ADDED from src\main\AndroidManifest.xml:369:13-58
	android:name
		ADDED from src\main\AndroidManifest.xml:368:13-73
activity#cn.appscomm.pedometer.activity.DfuL42UpdateActivity
ADDED from src\main\AndroidManifest.xml:371:9-374:52
	android:screenOrientation
		ADDED from src\main\AndroidManifest.xml:374:13-49
	android:label
		ADDED from src\main\AndroidManifest.xml:373:13-66
	android:name
		ADDED from src\main\AndroidManifest.xml:372:13-79
activity#cn.appscomm.pedometer.activity.ShowImageActivity
ADDED from src\main\AndroidManifest.xml:375:9-378:86
	android:screenOrientation
		ADDED from src\main\AndroidManifest.xml:377:13-49
	android:theme
		ADDED from src\main\AndroidManifest.xml:378:13-83
	android:name
		ADDED from src\main\AndroidManifest.xml:376:13-76
activity#cn.appscomm.pedometer.activity.WorkoutsActivity